d:\projects\space_living\space_living\debug\vc141.pdb
d:\projects\space_living\space_living\debug\vc141.idb
d:\projects\space_living\space_living\debug\globals.obj
d:\projects\space_living\space_living\debug\errormanager.obj
d:\projects\space_living\space_living\debug\enums.obj
d:\projects\space_living\space_living\debug\controllermanager.obj
d:\projects\space_living\space_living\debug\pugixml.obj
d:\projects\space_living\space_living\debug\level.obj
d:\projects\space_living\space_living\debug\inventoryitem.obj
d:\projects\space_living\space_living\debug\inventory.obj
d:\projects\space_living\space_living\debug\hud.obj
d:\projects\space_living\space_living\debug\grid.obj
d:\projects\space_living\space_living\debug\gameinfomanager.obj
d:\projects\space_living\space_living\debug\font.obj
d:\projects\space_living\space_living\debug\equipinventory.obj
d:\projects\space_living\space_living\debug\enemy.obj
d:\projects\space_living\space_living\debug\droppedobject.obj
d:\projects\space_living\space_living\debug\door.obj
d:\projects\space_living\space_living\debug\fontdialogbox.obj
d:\projects\space_living\space_living\debug\character.obj
d:\projects\space_living\space_living\debug\calculate.obj
d:\projects\space_living\space_living\debug\boss.obj
d:\projects\space_living\space_living\debug\animatedobject.obj
d:\projects\space_living\space_living\debug\timer.obj
d:\projects\space_living\space_living\debug\tile.obj
d:\projects\space_living\space_living\debug\texture.obj
d:\projects\space_living\space_living\debug\screenmanager.obj
d:\projects\space_living\space_living\debug\spawnpoint.obj
d:\projects\space_living\space_living\debug\solidobject.obj
d:\projects\space_living\space_living\debug\projectile.obj
d:\projects\space_living\space_living\debug\player.obj
d:\projects\space_living\space_living\debug\opengl.obj
d:\projects\space_living\space_living\debug\menuselector.obj
d:\projects\space_living\space_living\debug\main.obj
d:\projects\space_living\space_living\debug\loottable.obj
d:\projects\space_living\debug\space_living.ilk
d:\projects\space_living\debug\space_living.exe
d:\projects\space_living\debug\space_living.pdb
d:\projects\space_living\debug\space_living.lib
d:\projects\space_living\debug\space_living.exp
d:\projects\space_living\space_living\debug\space_living.tlog\cl.command.1.tlog
d:\projects\space_living\space_living\debug\space_living.tlog\cl.read.1.tlog
d:\projects\space_living\space_living\debug\space_living.tlog\cl.write.1.tlog
d:\projects\space_living\space_living\debug\space_living.tlog\link.command.1.tlog
d:\projects\space_living\space_living\debug\space_living.tlog\link.read.1.tlog
d:\projects\space_living\space_living\debug\space_living.tlog\link.write.1.tlog
d:\projects\space_living\space_living\debug\space_living.tlog\space_living.write.1u.tlog
