d:\projects\space_living\space_living\x64\debug\vc141.pdb
d:\projects\space_living\space_living\x64\debug\vc141.idb
d:\projects\space_living\space_living\x64\debug\level.obj
d:\projects\space_living\space_living\x64\debug\inventoryitem.obj
d:\projects\space_living\space_living\x64\debug\inventory.obj
d:\projects\space_living\space_living\x64\debug\hud.obj
d:\projects\space_living\space_living\x64\debug\grid.obj
d:\projects\space_living\space_living\x64\debug\globals.obj
d:\projects\space_living\space_living\x64\debug\gameinfomanager.obj
d:\projects\space_living\space_living\x64\debug\font.obj
d:\projects\space_living\space_living\x64\debug\errormanager.obj
d:\projects\space_living\space_living\x64\debug\equipinventory.obj
d:\projects\space_living\space_living\x64\debug\enums.obj
d:\projects\space_living\space_living\x64\debug\enemy.obj
d:\projects\space_living\space_living\x64\debug\droppedobject.obj
d:\projects\space_living\space_living\x64\debug\door.obj
d:\projects\space_living\space_living\x64\debug\fontdialogbox.obj
d:\projects\space_living\space_living\x64\debug\controllermanager.obj
d:\projects\space_living\space_living\x64\debug\character.obj
d:\projects\space_living\space_living\x64\debug\calculate.obj
d:\projects\space_living\space_living\x64\debug\boss.obj
d:\projects\space_living\space_living\x64\debug\animatedobject.obj
d:\projects\space_living\space_living\x64\debug\timer.obj
d:\projects\space_living\space_living\x64\debug\tile.obj
d:\projects\space_living\space_living\x64\debug\texture.obj
d:\projects\space_living\space_living\x64\debug\screenmanager.obj
d:\projects\space_living\space_living\x64\debug\spawnpoint.obj
d:\projects\space_living\space_living\x64\debug\solidobject.obj
d:\projects\space_living\space_living\x64\debug\pugixml.obj
d:\projects\space_living\space_living\x64\debug\projectile.obj
d:\projects\space_living\space_living\x64\debug\player.obj
d:\projects\space_living\space_living\x64\debug\opengl.obj
d:\projects\space_living\space_living\x64\debug\menuselector.obj
d:\projects\space_living\space_living\x64\debug\main.obj
d:\projects\space_living\space_living\x64\debug\loottable.obj
d:\projects\space_living\x64\debug\space_living.ilk
d:\projects\space_living\x64\debug\space_living.exe
d:\projects\space_living\x64\debug\space_living.pdb
d:\projects\space_living\space_living\x64\debug\space_living.tlog\cl.command.1.tlog
d:\projects\space_living\space_living\x64\debug\space_living.tlog\cl.read.1.tlog
d:\projects\space_living\space_living\x64\debug\space_living.tlog\cl.write.1.tlog
d:\projects\space_living\space_living\x64\debug\space_living.tlog\link.command.1.tlog
d:\projects\space_living\space_living\x64\debug\space_living.tlog\link.read.1.tlog
d:\projects\space_living\space_living\x64\debug\space_living.tlog\link.write.1.tlog
