d:\games\spaceliving\space_living\release\vc141.pdb
d:\games\spaceliving\space_living\release\inventoryitem.obj
d:\games\spaceliving\space_living\release\inventory.obj
d:\games\spaceliving\space_living\release\hud.obj
d:\games\spaceliving\space_living\release\grid.obj
d:\games\spaceliving\space_living\release\globals.obj
d:\games\spaceliving\space_living\release\gameinfomanager.obj
d:\games\spaceliving\space_living\release\font.obj
d:\games\spaceliving\space_living\release\errormanager.obj
d:\games\spaceliving\space_living\release\equipinventory.obj
d:\games\spaceliving\space_living\release\enums.obj
d:\games\spaceliving\space_living\release\droppedobjectmanager.obj
d:\games\spaceliving\space_living\release\droppedobject.obj
d:\games\spaceliving\space_living\release\door.obj
d:\games\spaceliving\space_living\release\fontdialogbox.obj
d:\games\spaceliving\space_living\release\character.obj
d:\games\spaceliving\space_living\release\calculate.obj
d:\games\spaceliving\space_living\release\boss.obj
d:\games\spaceliving\space_living\release\animatedobject.obj
d:\games\spaceliving\space_living\release\timer.obj
d:\games\spaceliving\space_living\release\tile.obj
d:\games\spaceliving\space_living\release\texture.obj
d:\games\spaceliving\space_living\release\screenmanager.obj
d:\games\spaceliving\space_living\release\spawnpoint.obj
d:\games\spaceliving\space_living\release\solidobjectmanager.obj
d:\games\spaceliving\space_living\release\solidobject.obj
d:\games\spaceliving\space_living\release\pugixml.obj
d:\games\spaceliving\space_living\release\projectile.obj
d:\games\spaceliving\space_living\release\player.obj
d:\games\spaceliving\space_living\release\opengl.obj
d:\games\spaceliving\space_living\release\menuselector.obj
d:\games\spaceliving\space_living\release\main.obj
d:\games\spaceliving\space_living\release\loottable.obj
d:\games\spaceliving\space_living\release\level.obj
d:\games\spaceliving\space_living\release\enemymanager.obj
d:\games\spaceliving\space_living\release\enemy.obj
d:\games\spaceliving\release\space_living.exe
d:\games\spaceliving\release\space_living.pdb
d:\games\spaceliving\release\space_living.ipdb
d:\games\spaceliving\release\space_living.iobj
d:\games\spaceliving\space_living\release\space_living.tlog\cl.command.1.tlog
d:\games\spaceliving\space_living\release\space_living.tlog\cl.read.1.tlog
d:\games\spaceliving\space_living\release\space_living.tlog\cl.write.1.tlog
d:\games\spaceliving\space_living\release\space_living.tlog\link.command.1.tlog
d:\games\spaceliving\space_living\release\space_living.tlog\link.read.1.tlog
d:\games\spaceliving\space_living\release\space_living.tlog\link.write.1.tlog
d:\games\spaceliving\space_living\release\space_living.tlog\space_living.write.1u.tlog
